Vivado Simulator v2022.2
Copyright 1986-1999, 2001-2022 Xilinx, Inc. All Rights Reserved.
Running: /home/jkmxm/Xilinx/Vivado/2022.2/bin/unwrapped/lnx64.o/xelab --incr --debug typical --relax --mt 8 -L xil_defaultlib -L unisims_ver -L unimacro_ver -L secureip --snapshot tb_top_behav xil_defaultlib.tb_top xil_defaultlib.glbl -log elaborate.log 
Using 8 slave threads.
Starting static elaboration
Pass Through NonSizing Optimizer
Completed static elaboration
Starting simulation data flow analysis
WARNING: [XSIM 43-4099] "/home/jkmxm/Desktop/fpga_systolic_array_convolution/vivado_proj/fpga_systolic_array_proj/fpga_systolic_array_proj.srcs/sources_1/imports/src/top.v" Line 1. Module top doesn't have a timescale but at least one module in design has a timescale.
WARNING: [XSIM 43-4099] "/home/jkmxm/Desktop/fpga_systolic_array_convolution/vivado_proj/fpga_systolic_array_proj/fpga_systolic_array_proj.srcs/sources_1/imports/src/tpu.v" Line 2. Module tpu doesn't have a timescale but at least one module in design has a timescale.
WARNING: [XSIM 43-4099] "/home/jkmxm/Desktop/fpga_systolic_array_convolution/vivado_proj/fpga_systolic_array_proj/fpga_systolic_array_proj.srcs/sources_1/imports/src/ram.v" Line 1. Module ram doesn't have a timescale but at least one module in design has a timescale.
WARNING: [XSIM 43-4099] "/home/jkmxm/Desktop/fpga_systolic_array_convolution/vivado_proj/fpga_systolic_array_proj/fpga_systolic_array_proj.srcs/sources_1/imports/src/uint8.v" Line 1. Module uint8 doesn't have a timescale but at least one module in design has a timescale.
WARNING: [XSIM 43-4099] "/home/jkmxm/Desktop/fpga_systolic_array_convolution/vivado_proj/fpga_systolic_array_proj/fpga_systolic_array_proj.srcs/sources_1/imports/src/flipflop.v" Line 1. Module flipflop doesn't have a timescale but at least one module in design has a timescale.
WARNING: [XSIM 43-4099] "/home/jkmxm/Desktop/fpga_systolic_array_convolution/vivado_proj/fpga_systolic_array_proj/fpga_systolic_array_proj.srcs/sources_1/imports/src/flipflop.v" Line 1. Module flipflop doesn't have a timescale but at least one module in design has a timescale.
WARNING: [XSIM 43-4099] "/home/jkmxm/Desktop/fpga_systolic_array_convolution/vivado_proj/fpga_systolic_array_proj/fpga_systolic_array_proj.srcs/sources_1/imports/src/flipflop.v" Line 1. Module flipflop doesn't have a timescale but at least one module in design has a timescale.
WARNING: [XSIM 43-4099] "/home/jkmxm/Desktop/fpga_systolic_array_convolution/vivado_proj/fpga_systolic_array_proj/fpga_systolic_array_proj.srcs/sources_1/imports/src/flipflop.v" Line 1. Module flipflop doesn't have a timescale but at least one module in design has a timescale.
WARNING: [XSIM 43-4099] "/home/jkmxm/Desktop/fpga_systolic_array_convolution/vivado_proj/fpga_systolic_array_proj/fpga_systolic_array_proj.srcs/sources_1/imports/src/flipflop.v" Line 1. Module flipflop doesn't have a timescale but at least one module in design has a timescale.
WARNING: [XSIM 43-4099] "/home/jkmxm/Desktop/fpga_systolic_array_convolution/vivado_proj/fpga_systolic_array_proj/fpga_systolic_array_proj.srcs/sources_1/imports/src/flipflop.v" Line 1. Module flipflop doesn't have a timescale but at least one module in design has a timescale.
WARNING: [XSIM 43-4099] "/home/jkmxm/Desktop/fpga_systolic_array_convolution/vivado_proj/fpga_systolic_array_proj/fpga_systolic_array_proj.srcs/sources_1/imports/src/flipflop.v" Line 1. Module flipflop doesn't have a timescale but at least one module in design has a timescale.
WARNING: [XSIM 43-4099] "/home/jkmxm/Desktop/fpga_systolic_array_convolution/vivado_proj/fpga_systolic_array_proj/fpga_systolic_array_proj.srcs/sources_1/imports/src/flipflop.v" Line 1. Module flipflop doesn't have a timescale but at least one module in design has a timescale.
WARNING: [XSIM 43-4099] "/home/jkmxm/Desktop/fpga_systolic_array_convolution/vivado_proj/fpga_systolic_array_proj/fpga_systolic_array_proj.srcs/sources_1/imports/src/uint8.v" Line 1. Module uint8 doesn't have a timescale but at least one module in design has a timescale.
WARNING: [XSIM 43-4099] "/home/jkmxm/Desktop/fpga_systolic_array_convolution/vivado_proj/fpga_systolic_array_proj/fpga_systolic_array_proj.srcs/sources_1/imports/src/flipflop.v" Line 1. Module flipflop doesn't have a timescale but at least one module in design has a timescale.
WARNING: [XSIM 43-4099] "/home/jkmxm/Desktop/fpga_systolic_array_convolution/vivado_proj/fpga_systolic_array_proj/fpga_systolic_array_proj.srcs/sources_1/imports/src/flipflop.v" Line 1. Module flipflop doesn't have a timescale but at least one module in design has a timescale.
WARNING: [XSIM 43-4099] "/home/jkmxm/Desktop/fpga_systolic_array_convolution/vivado_proj/fpga_systolic_array_proj/fpga_systolic_array_proj.srcs/sources_1/imports/src/flipflop.v" Line 1. Module flipflop doesn't have a timescale but at least one module in design has a timescale.
WARNING: [XSIM 43-4099] "/home/jkmxm/Desktop/fpga_systolic_array_convolution/vivado_proj/fpga_systolic_array_proj/fpga_systolic_array_proj.srcs/sources_1/imports/src/flipflop.v" Line 1. Module flipflop doesn't have a timescale but at least one module in design has a timescale.
WARNING: [XSIM 43-4099] "/home/jkmxm/Desktop/fpga_systolic_array_convolution/vivado_proj/fpga_systolic_array_proj/fpga_systolic_array_proj.srcs/sources_1/imports/src/flipflop.v" Line 1. Module flipflop doesn't have a timescale but at least one module in design has a timescale.
WARNING: [XSIM 43-4099] "/home/jkmxm/Desktop/fpga_systolic_array_convolution/vivado_proj/fpga_systolic_array_proj/fpga_systolic_array_proj.srcs/sources_1/imports/src/flipflop.v" Line 1. Module flipflop doesn't have a timescale but at least one module in design has a timescale.
WARNING: [XSIM 43-4099] "/home/jkmxm/Desktop/fpga_systolic_array_convolution/vivado_proj/fpga_systolic_array_proj/fpga_systolic_array_proj.srcs/sources_1/imports/src/flipflop.v" Line 1. Module flipflop doesn't have a timescale but at least one module in design has a timescale.
WARNING: [XSIM 43-4099] "/home/jkmxm/Desktop/fpga_systolic_array_convolution/vivado_proj/fpga_systolic_array_proj/fpga_systolic_array_proj.srcs/sources_1/imports/src/flipflop.v" Line 1. Module flipflop doesn't have a timescale but at least one module in design has a timescale.
WARNING: [XSIM 43-4099] "/home/jkmxm/Desktop/fpga_systolic_array_convolution/vivado_proj/fpga_systolic_array_proj/fpga_systolic_array_proj.srcs/sources_1/imports/src/uint8.v" Line 1. Module uint8 doesn't have a timescale but at least one module in design has a timescale.
WARNING: [XSIM 43-4099] "/home/jkmxm/Desktop/fpga_systolic_array_convolution/vivado_proj/fpga_systolic_array_proj/fpga_systolic_array_proj.srcs/sources_1/imports/src/flipflop.v" Line 1. Module flipflop doesn't have a timescale but at least one module in design has a timescale.
WARNING: [XSIM 43-4099] "/home/jkmxm/Desktop/fpga_systolic_array_convolution/vivado_proj/fpga_systolic_array_proj/fpga_systolic_array_proj.srcs/sources_1/imports/src/flipflop.v" Line 1. Module flipflop doesn't have a timescale but at least one module in design has a timescale.
WARNING: [XSIM 43-4099] "/home/jkmxm/Desktop/fpga_systolic_array_convolution/vivado_proj/fpga_systolic_array_proj/fpga_systolic_array_proj.srcs/sources_1/imports/src/flipflop.v" Line 1. Module flipflop doesn't have a timescale but at least one module in design has a timescale.
WARNING: [XSIM 43-4099] "/home/jkmxm/Desktop/fpga_systolic_array_convolution/vivado_proj/fpga_systolic_array_proj/fpga_systolic_array_proj.srcs/sources_1/imports/src/flipflop.v" Line 1. Module flipflop doesn't have a timescale but at least one module in design has a timescale.
WARNING: [XSIM 43-4099] "/home/jkmxm/Desktop/fpga_systolic_array_convolution/vivado_proj/fpga_systolic_array_proj/fpga_systolic_array_proj.srcs/sources_1/imports/src/flipflop.v" Line 1. Module flipflop doesn't have a timescale but at least one module in design has a timescale.
WARNING: [XSIM 43-4099] "/home/jkmxm/Desktop/fpga_systolic_array_convolution/vivado_proj/fpga_systolic_array_proj/fpga_systolic_array_proj.srcs/sources_1/imports/src/flipflop.v" Line 1. Module flipflop doesn't have a timescale but at least one module in design has a timescale.
WARNING: [XSIM 43-4099] "/home/jkmxm/Desktop/fpga_systolic_array_convolution/vivado_proj/fpga_systolic_array_proj/fpga_systolic_array_proj.srcs/sources_1/imports/src/flipflop.v" Line 1. Module flipflop doesn't have a timescale but at least one module in design has a timescale.
WARNING: [XSIM 43-4099] "/home/jkmxm/Desktop/fpga_systolic_array_convolution/vivado_proj/fpga_systolic_array_proj/fpga_systolic_array_proj.srcs/sources_1/imports/src/flipflop.v" Line 1. Module flipflop doesn't have a timescale but at least one module in design has a timescale.
WARNING: [XSIM 43-4099] "/home/jkmxm/Desktop/fpga_systolic_array_convolution/vivado_proj/fpga_systolic_array_proj/fpga_systolic_array_proj.srcs/sources_1/imports/src/uint8.v" Line 1. Module uint8 doesn't have a timescale but at least one module in design has a timescale.
WARNING: [XSIM 43-4099] "/home/jkmxm/Desktop/fpga_systolic_array_convolution/vivado_proj/fpga_systolic_array_proj/fpga_systolic_array_proj.srcs/sources_1/imports/src/flipflop.v" Line 1. Module flipflop doesn't have a timescale but at least one module in design has a timescale.
WARNING: [XSIM 43-4099] "/home/jkmxm/Desktop/fpga_systolic_array_convolution/vivado_proj/fpga_systolic_array_proj/fpga_systolic_array_proj.srcs/sources_1/imports/src/flipflop.v" Line 1. Module flipflop doesn't have a timescale but at least one module in design has a timescale.
WARNING: [XSIM 43-4099] "/home/jkmxm/Desktop/fpga_systolic_array_convolution/vivado_proj/fpga_systolic_array_proj/fpga_systolic_array_proj.srcs/sources_1/imports/src/flipflop.v" Line 1. Module flipflop doesn't have a timescale but at least one module in design has a timescale.
WARNING: [XSIM 43-4099] "/home/jkmxm/Desktop/fpga_systolic_array_convolution/vivado_proj/fpga_systolic_array_proj/fpga_systolic_array_proj.srcs/sources_1/imports/src/flipflop.v" Line 1. Module flipflop doesn't have a timescale but at least one module in design has a timescale.
WARNING: [XSIM 43-4099] "/home/jkmxm/Desktop/fpga_systolic_array_convolution/vivado_proj/fpga_systolic_array_proj/fpga_systolic_array_proj.srcs/sources_1/imports/src/flipflop.v" Line 1. Module flipflop doesn't have a timescale but at least one module in design has a timescale.
WARNING: [XSIM 43-4099] "/home/jkmxm/Desktop/fpga_systolic_array_convolution/vivado_proj/fpga_systolic_array_proj/fpga_systolic_array_proj.srcs/sources_1/imports/src/flipflop.v" Line 1. Module flipflop doesn't have a timescale but at least one module in design has a timescale.
WARNING: [XSIM 43-4099] "/home/jkmxm/Desktop/fpga_systolic_array_convolution/vivado_proj/fpga_systolic_array_proj/fpga_systolic_array_proj.srcs/sources_1/imports/src/flipflop.v" Line 1. Module flipflop doesn't have a timescale but at least one module in design has a timescale.
WARNING: [XSIM 43-4099] "/home/jkmxm/Desktop/fpga_systolic_array_convolution/vivado_proj/fpga_systolic_array_proj/fpga_systolic_array_proj.srcs/sources_1/imports/src/flipflop.v" Line 1. Module flipflop doesn't have a timescale but at least one module in design has a timescale.
WARNING: [XSIM 43-4099] "/home/jkmxm/Desktop/fpga_systolic_array_convolution/vivado_proj/fpga_systolic_array_proj/fpga_systolic_array_proj.srcs/sources_1/imports/src/uint8.v" Line 1. Module uint8 doesn't have a timescale but at least one module in design has a timescale.
WARNING: [XSIM 43-4099] "/home/jkmxm/Desktop/fpga_systolic_array_convolution/vivado_proj/fpga_systolic_array_proj/fpga_systolic_array_proj.srcs/sources_1/imports/src/flipflop.v" Line 1. Module flipflop doesn't have a timescale but at least one module in design has a timescale.
WARNING: [XSIM 43-4099] "/home/jkmxm/Desktop/fpga_systolic_array_convolution/vivado_proj/fpga_systolic_array_proj/fpga_systolic_array_proj.srcs/sources_1/imports/src/flipflop.v" Line 1. Module flipflop doesn't have a timescale but at least one module in design has a timescale.
WARNING: [XSIM 43-4099] "/home/jkmxm/Desktop/fpga_systolic_array_convolution/vivado_proj/fpga_systolic_array_proj/fpga_systolic_array_proj.srcs/sources_1/imports/src/flipflop.v" Line 1. Module flipflop doesn't have a timescale but at least one module in design has a timescale.
WARNING: [XSIM 43-4099] "/home/jkmxm/Desktop/fpga_systolic_array_convolution/vivado_proj/fpga_systolic_array_proj/fpga_systolic_array_proj.srcs/sources_1/imports/src/flipflop.v" Line 1. Module flipflop doesn't have a timescale but at least one module in design has a timescale.
WARNING: [XSIM 43-4099] "/home/jkmxm/Desktop/fpga_systolic_array_convolution/vivado_proj/fpga_systolic_array_proj/fpga_systolic_array_proj.srcs/sources_1/imports/src/flipflop.v" Line 1. Module flipflop doesn't have a timescale but at least one module in design has a timescale.
WARNING: [XSIM 43-4099] "/home/jkmxm/Desktop/fpga_systolic_array_convolution/vivado_proj/fpga_systolic_array_proj/fpga_systolic_array_proj.srcs/sources_1/imports/src/flipflop.v" Line 1. Module flipflop doesn't have a timescale but at least one module in design has a timescale.
WARNING: [XSIM 43-4099] "/home/jkmxm/Desktop/fpga_systolic_array_convolution/vivado_proj/fpga_systolic_array_proj/fpga_systolic_array_proj.srcs/sources_1/imports/src/flipflop.v" Line 1. Module flipflop doesn't have a timescale but at least one module in design has a timescale.
WARNING: [XSIM 43-4099] "/home/jkmxm/Desktop/fpga_systolic_array_convolution/vivado_proj/fpga_systolic_array_proj/fpga_systolic_array_proj.srcs/sources_1/imports/src/flipflop.v" Line 1. Module flipflop doesn't have a timescale but at least one module in design has a timescale.
WARNING: [XSIM 43-4099] "/home/jkmxm/Desktop/fpga_systolic_array_convolution/vivado_proj/fpga_systolic_array_proj/fpga_systolic_array_proj.srcs/sources_1/imports/src/uint8.v" Line 1. Module uint8 doesn't have a timescale but at least one module in design has a timescale.
WARNING: [XSIM 43-4099] "/home/jkmxm/Desktop/fpga_systolic_array_convolution/vivado_proj/fpga_systolic_array_proj/fpga_systolic_array_proj.srcs/sources_1/imports/src/flipflop.v" Line 1. Module flipflop doesn't have a timescale but at least one module in design has a timescale.
WARNING: [XSIM 43-4099] "/home/jkmxm/Desktop/fpga_systolic_array_convolution/vivado_proj/fpga_systolic_array_proj/fpga_systolic_array_proj.srcs/sources_1/imports/src/flipflop.v" Line 1. Module flipflop doesn't have a timescale but at least one module in design has a timescale.
WARNING: [XSIM 43-4099] "/home/jkmxm/Desktop/fpga_systolic_array_convolution/vivado_proj/fpga_systolic_array_proj/fpga_systolic_array_proj.srcs/sources_1/imports/src/flipflop.v" Line 1. Module flipflop doesn't have a timescale but at least one module in design has a timescale.
WARNING: [XSIM 43-4099] "/home/jkmxm/Desktop/fpga_systolic_array_convolution/vivado_proj/fpga_systolic_array_proj/fpga_systolic_array_proj.srcs/sources_1/imports/src/flipflop.v" Line 1. Module flipflop doesn't have a timescale but at least one module in design has a timescale.
WARNING: [XSIM 43-4099] "/home/jkmxm/Desktop/fpga_systolic_array_convolution/vivado_proj/fpga_systolic_array_proj/fpga_systolic_array_proj.srcs/sources_1/imports/src/flipflop.v" Line 1. Module flipflop doesn't have a timescale but at least one module in design has a timescale.
WARNING: [XSIM 43-4099] "/home/jkmxm/Desktop/fpga_systolic_array_convolution/vivado_proj/fpga_systolic_array_proj/fpga_systolic_array_proj.srcs/sources_1/imports/src/flipflop.v" Line 1. Module flipflop doesn't have a timescale but at least one module in design has a timescale.
WARNING: [XSIM 43-4099] "/home/jkmxm/Desktop/fpga_systolic_array_convolution/vivado_proj/fpga_systolic_array_proj/fpga_systolic_array_proj.srcs/sources_1/imports/src/flipflop.v" Line 1. Module flipflop doesn't have a timescale but at least one module in design has a timescale.
WARNING: [XSIM 43-4099] "/home/jkmxm/Desktop/fpga_systolic_array_convolution/vivado_proj/fpga_systolic_array_proj/fpga_systolic_array_proj.srcs/sources_1/imports/src/flipflop.v" Line 1. Module flipflop doesn't have a timescale but at least one module in design has a timescale.
WARNING: [XSIM 43-4099] "/home/jkmxm/Desktop/fpga_systolic_array_convolution/vivado_proj/fpga_systolic_array_proj/fpga_systolic_array_proj.srcs/sources_1/imports/src/uint8.v" Line 1. Module uint8 doesn't have a timescale but at least one module in design has a timescale.
WARNING: [XSIM 43-4099] "/home/jkmxm/Desktop/fpga_systolic_array_convolution/vivado_proj/fpga_systolic_array_proj/fpga_systolic_array_proj.srcs/sources_1/imports/src/flipflop.v" Line 1. Module flipflop doesn't have a timescale but at least one module in design has a timescale.
WARNING: [XSIM 43-4099] "/home/jkmxm/Desktop/fpga_systolic_array_convolution/vivado_proj/fpga_systolic_array_proj/fpga_systolic_array_proj.srcs/sources_1/imports/src/flipflop.v" Line 1. Module flipflop doesn't have a timescale but at least one module in design has a timescale.
WARNING: [XSIM 43-4099] "/home/jkmxm/Desktop/fpga_systolic_array_convolution/vivado_proj/fpga_systolic_array_proj/fpga_systolic_array_proj.srcs/sources_1/imports/src/flipflop.v" Line 1. Module flipflop doesn't have a timescale but at least one module in design has a timescale.
WARNING: [XSIM 43-4099] "/home/jkmxm/Desktop/fpga_systolic_array_convolution/vivado_proj/fpga_systolic_array_proj/fpga_systolic_array_proj.srcs/sources_1/imports/src/flipflop.v" Line 1. Module flipflop doesn't have a timescale but at least one module in design has a timescale.
WARNING: [XSIM 43-4099] "/home/jkmxm/Desktop/fpga_systolic_array_convolution/vivado_proj/fpga_systolic_array_proj/fpga_systolic_array_proj.srcs/sources_1/imports/src/flipflop.v" Line 1. Module flipflop doesn't have a timescale but at least one module in design has a timescale.
WARNING: [XSIM 43-4099] "/home/jkmxm/Desktop/fpga_systolic_array_convolution/vivado_proj/fpga_systolic_array_proj/fpga_systolic_array_proj.srcs/sources_1/imports/src/flipflop.v" Line 1. Module flipflop doesn't have a timescale but at least one module in design has a timescale.
WARNING: [XSIM 43-4099] "/home/jkmxm/Desktop/fpga_systolic_array_convolution/vivado_proj/fpga_systolic_array_proj/fpga_systolic_array_proj.srcs/sources_1/imports/src/flipflop.v" Line 1. Module flipflop doesn't have a timescale but at least one module in design has a timescale.
WARNING: [XSIM 43-4099] "/home/jkmxm/Desktop/fpga_systolic_array_convolution/vivado_proj/fpga_systolic_array_proj/fpga_systolic_array_proj.srcs/sources_1/imports/src/flipflop.v" Line 1. Module flipflop doesn't have a timescale but at least one module in design has a timescale.
WARNING: [XSIM 43-4099] "/home/jkmxm/Desktop/fpga_systolic_array_convolution/vivado_proj/fpga_systolic_array_proj/fpga_systolic_array_proj.srcs/sources_1/imports/src/uint8.v" Line 1. Module uint8 doesn't have a timescale but at least one module in design has a timescale.
WARNING: [XSIM 43-4099] "/home/jkmxm/Desktop/fpga_systolic_array_convolution/vivado_proj/fpga_systolic_array_proj/fpga_systolic_array_proj.srcs/sources_1/imports/src/flipflop.v" Line 1. Module flipflop doesn't have a timescale but at least one module in design has a timescale.
WARNING: [XSIM 43-4099] "/home/jkmxm/Desktop/fpga_systolic_array_convolution/vivado_proj/fpga_systolic_array_proj/fpga_systolic_array_proj.srcs/sources_1/imports/src/flipflop.v" Line 1. Module flipflop doesn't have a timescale but at least one module in design has a timescale.
WARNING: [XSIM 43-4099] "/home/jkmxm/Desktop/fpga_systolic_array_convolution/vivado_proj/fpga_systolic_array_proj/fpga_systolic_array_proj.srcs/sources_1/imports/src/flipflop.v" Line 1. Module flipflop doesn't have a timescale but at least one module in design has a timescale.
WARNING: [XSIM 43-4099] "/home/jkmxm/Desktop/fpga_systolic_array_convolution/vivado_proj/fpga_systolic_array_proj/fpga_systolic_array_proj.srcs/sources_1/imports/src/flipflop.v" Line 1. Module flipflop doesn't have a timescale but at least one module in design has a timescale.
WARNING: [XSIM 43-4099] "/home/jkmxm/Desktop/fpga_systolic_array_convolution/vivado_proj/fpga_systolic_array_proj/fpga_systolic_array_proj.srcs/sources_1/imports/src/flipflop.v" Line 1. Module flipflop doesn't have a timescale but at least one module in design has a timescale.
WARNING: [XSIM 43-4099] "/home/jkmxm/Desktop/fpga_systolic_array_convolution/vivado_proj/fpga_systolic_array_proj/fpga_systolic_array_proj.srcs/sources_1/imports/src/flipflop.v" Line 1. Module flipflop doesn't have a timescale but at least one module in design has a timescale.
WARNING: [XSIM 43-4099] "/home/jkmxm/Desktop/fpga_systolic_array_convolution/vivado_proj/fpga_systolic_array_proj/fpga_systolic_array_proj.srcs/sources_1/imports/src/flipflop.v" Line 1. Module flipflop doesn't have a timescale but at least one module in design has a timescale.
WARNING: [XSIM 43-4099] "/home/jkmxm/Desktop/fpga_systolic_array_convolution/vivado_proj/fpga_systolic_array_proj/fpga_systolic_array_proj.srcs/sources_1/imports/src/flipflop.v" Line 1. Module flipflop doesn't have a timescale but at least one module in design has a timescale.
WARNING: [XSIM 43-4099] "/home/jkmxm/Desktop/fpga_systolic_array_convolution/vivado_proj/fpga_systolic_array_proj/fpga_systolic_array_proj.srcs/sources_1/imports/src/uint8.v" Line 1. Module uint8 doesn't have a timescale but at least one module in design has a timescale.
WARNING: [XSIM 43-4099] "/home/jkmxm/Desktop/fpga_systolic_array_convolution/vivado_proj/fpga_systolic_array_proj/fpga_systolic_array_proj.srcs/sources_1/imports/src/flipflop.v" Line 1. Module flipflop doesn't have a timescale but at least one module in design has a timescale.
WARNING: [XSIM 43-4099] "/home/jkmxm/Desktop/fpga_systolic_array_convolution/vivado_proj/fpga_systolic_array_proj/fpga_systolic_array_proj.srcs/sources_1/imports/src/flipflop.v" Line 1. Module flipflop doesn't have a timescale but at least one module in design has a timescale.
WARNING: [XSIM 43-4099] "/home/jkmxm/Desktop/fpga_systolic_array_convolution/vivado_proj/fpga_systolic_array_proj/fpga_systolic_array_proj.srcs/sources_1/imports/src/flipflop.v" Line 1. Module flipflop doesn't have a timescale but at least one module in design has a timescale.
WARNING: [XSIM 43-4099] "/home/jkmxm/Desktop/fpga_systolic_array_convolution/vivado_proj/fpga_systolic_array_proj/fpga_systolic_array_proj.srcs/sources_1/imports/src/flipflop.v" Line 1. Module flipflop doesn't have a timescale but at least one module in design has a timescale.
WARNING: [XSIM 43-4099] "/home/jkmxm/Desktop/fpga_systolic_array_convolution/vivado_proj/fpga_systolic_array_proj/fpga_systolic_array_proj.srcs/sources_1/imports/src/flipflop.v" Line 1. Module flipflop doesn't have a timescale but at least one module in design has a timescale.
WARNING: [XSIM 43-4099] "/home/jkmxm/Desktop/fpga_systolic_array_convolution/vivado_proj/fpga_systolic_array_proj/fpga_systolic_array_proj.srcs/sources_1/imports/src/flipflop.v" Line 1. Module flipflop doesn't have a timescale but at least one module in design has a timescale.
WARNING: [XSIM 43-4099] "/home/jkmxm/Desktop/fpga_systolic_array_convolution/vivado_proj/fpga_systolic_array_proj/fpga_systolic_array_proj.srcs/sources_1/imports/src/flipflop.v" Line 1. Module flipflop doesn't have a timescale but at least one module in design has a timescale.
WARNING: [XSIM 43-4099] "/home/jkmxm/Desktop/fpga_systolic_array_convolution/vivado_proj/fpga_systolic_array_proj/fpga_systolic_array_proj.srcs/sources_1/imports/src/flipflop.v" Line 1. Module flipflop doesn't have a timescale but at least one module in design has a timescale.
WARNING: [XSIM 43-4099] "/home/jkmxm/Desktop/fpga_systolic_array_convolution/vivado_proj/fpga_systolic_array_proj/fpga_systolic_array_proj.srcs/sources_1/imports/src/uint8.v" Line 1. Module uint8 doesn't have a timescale but at least one module in design has a timescale.
WARNING: [XSIM 43-4099] "/home/jkmxm/Desktop/fpga_systolic_array_convolution/vivado_proj/fpga_systolic_array_proj/fpga_systolic_array_proj.srcs/sources_1/imports/src/flipflop.v" Line 1. Module flipflop doesn't have a timescale but at least one module in design has a timescale.
WARNING: [XSIM 43-4099] "/home/jkmxm/Desktop/fpga_systolic_array_convolution/vivado_proj/fpga_systolic_array_proj/fpga_systolic_array_proj.srcs/sources_1/imports/src/flipflop.v" Line 1. Module flipflop doesn't have a timescale but at least one module in design has a timescale.
WARNING: [XSIM 43-4099] "/home/jkmxm/Desktop/fpga_systolic_array_convolution/vivado_proj/fpga_systolic_array_proj/fpga_systolic_array_proj.srcs/sources_1/imports/src/flipflop.v" Line 1. Module flipflop doesn't have a timescale but at least one module in design has a timescale.
WARNING: [XSIM 43-4099] "/home/jkmxm/Desktop/fpga_systolic_array_convolution/vivado_proj/fpga_systolic_array_proj/fpga_systolic_array_proj.srcs/sources_1/imports/src/flipflop.v" Line 1. Module flipflop doesn't have a timescale but at least one module in design has a timescale.
WARNING: [XSIM 43-4099] "/home/jkmxm/Desktop/fpga_systolic_array_convolution/vivado_proj/fpga_systolic_array_proj/fpga_systolic_array_proj.srcs/sources_1/imports/src/flipflop.v" Line 1. Module flipflop doesn't have a timescale but at least one module in design has a timescale.
WARNING: [XSIM 43-4099] "/home/jkmxm/Desktop/fpga_systolic_array_convolution/vivado_proj/fpga_systolic_array_proj/fpga_systolic_array_proj.srcs/sources_1/imports/src/flipflop.v" Line 1. Module flipflop doesn't have a timescale but at least one module in design has a timescale.
WARNING: [XSIM 43-4099] "/home/jkmxm/Desktop/fpga_systolic_array_convolution/vivado_proj/fpga_systolic_array_proj/fpga_systolic_array_proj.srcs/sources_1/imports/src/flipflop.v" Line 1. Module flipflop doesn't have a timescale but at least one module in design has a timescale.
WARNING: [XSIM 43-4099] "/home/jkmxm/Desktop/fpga_systolic_array_convolution/vivado_proj/fpga_systolic_array_proj/fpga_systolic_array_proj.srcs/sources_1/imports/src/flipflop.v" Line 1. Module flipflop doesn't have a timescale but at least one module in design has a timescale.
WARNING: [XSIM 43-4099] "/home/jkmxm/Desktop/fpga_systolic_array_convolution/vivado_proj/fpga_systolic_array_proj/fpga_systolic_array_proj.srcs/sources_1/imports/src/uint8.v" Line 1. Module uint8 doesn't have a timescale but at least one module in design has a timescale.
WARNING: [XSIM 43-4099] "/home/jkmxm/Desktop/fpga_systolic_array_convolution/vivado_proj/fpga_systolic_array_proj/fpga_systolic_array_proj.srcs/sources_1/imports/src/flipflop.v" Line 1. Module flipflop doesn't have a timescale but at least one module in design has a timescale.
WARNING: [XSIM 43-4099] "/home/jkmxm/Desktop/fpga_systolic_array_convolution/vivado_proj/fpga_systolic_array_proj/fpga_systolic_array_proj.srcs/sources_1/imports/src/flipflop.v" Line 1. Module flipflop doesn't have a timescale but at least one module in design has a timescale.
WARNING: [XSIM 43-4099] "/home/jkmxm/Desktop/fpga_systolic_array_convolution/vivado_proj/fpga_systolic_array_proj/fpga_systolic_array_proj.srcs/sources_1/imports/src/flipflop.v" Line 1. Module flipflop doesn't have a timescale but at least one module in design has a timescale.
WARNING: [XSIM 43-4099] "/home/jkmxm/Desktop/fpga_systolic_array_convolution/vivado_proj/fpga_systolic_array_proj/fpga_systolic_array_proj.srcs/sources_1/imports/src/flipflop.v" Line 1. Module flipflop doesn't have a timescale but at least one module in design has a timescale.
WARNING: [XSIM 43-4099] "/home/jkmxm/Desktop/fpga_systolic_array_convolution/vivado_proj/fpga_systolic_array_proj/fpga_systolic_array_proj.srcs/sources_1/imports/src/flipflop.v" Line 1. Module flipflop doesn't have a timescale but at least one module in design has a timescale.
WARNING: [XSIM 43-4099] "/home/jkmxm/Desktop/fpga_systolic_array_convolution/vivado_proj/fpga_systolic_array_proj/fpga_systolic_array_proj.srcs/sources_1/imports/src/flipflop.v" Line 1. Module flipflop doesn't have a timescale but at least one module in design has a timescale.
INFO: [Common 17-14] Message 'XSIM 43-4099' appears 100 times and further instances of the messages will be disabled. Use the Tcl command set_msg_config to change the current settings.
Completed simulation data flow analysis
Time Resolution for simulation is 1ps
Compiling module xil_defaultlib.tpu
Compiling module xil_defaultlib.flipflop
Compiling module xil_defaultlib.uint8
Compiling module xil_defaultlib.ram
Compiling module xil_defaultlib.lcd
Compiling module xil_defaultlib.fadder
Compiling module xil_defaultlib.addu6
Compiling module xil_defaultlib.addu4
Compiling module xil_defaultlib.hadder
Compiling module xil_defaultlib.vedic_multu2
Compiling module xil_defaultlib.vedic_multu4
Compiling module xil_defaultlib.addu10
Compiling module xil_defaultlib.addu8
Compiling module xil_defaultlib.vedic_multu8
Compiling module xil_defaultlib.multu8
Compiling module xil_defaultlib.pe
Compiling module xil_defaultlib.sa2x2
Compiling module xil_defaultlib.sa3x3
Compiling module xil_defaultlib.compio
Compiling module xil_defaultlib.top
Compiling module xil_defaultlib.tb_top
Compiling module xil_defaultlib.glbl
Built simulation snapshot tb_top_behav
